<?xml version="1.0" encoding="UTF-8"?>
<!-- Generated by org.testng.reporters.JUnitXMLReporter -->
<testsuite hostname="AmazonRR" ignored="1" name="Default test" tests="1" failures="0" timestamp="2021-06-21T19:43:42 IST" time="493.952" errors="0">
  <testcase name="testAllLinks" time="464.887" classname="com.linktestapp.tests.HomePageTest"/>
  <testcase name="moveToFeatures" time="0.0" classname="com.linktestapp.tests.HomePageTest">
    <ignored/>
  </testcase> <!-- moveToFeatures -->
</testsuite> <!-- Default test -->
