<?xml version="1.0" encoding="UTF-8"?>
<!-- Generated by org.testng.reporters.JUnitXMLReporter -->
<testsuite hostname="AmazonRR" ignored="1" name="Test" tests="1" failures="0" timestamp="2021-06-17T18:39:22 IST" time="518.25" errors="0">
  <testcase name="testAllLinks" time="497.513" classname="com.linktestapp.tests.HomePageTest"/>
  <testcase name="moveToFeatures" time="0.0" classname="com.linktestapp.tests.HomePageTest">
    <ignored/>
  </testcase> <!-- moveToFeatures -->
</testsuite> <!-- Test -->
