<?xml version="1.0" encoding="UTF-8"?>
<testng-results skipped="0" failed="0" ignored="1" total="2" passed="1">
  <reporter-output>
  </reporter-output>
  <suite name="Default suite" duration-ms="493952" started-at="2021-06-21T19:35:28 IST" finished-at="2021-06-21T19:43:42 IST">
    <groups>
    </groups>
    <test name="Default test" duration-ms="493952" started-at="2021-06-21T19:35:28 IST" finished-at="2021-06-21T19:43:42 IST">
      <class name="com.linktestapp.tests.HomePageTest">
        <test-method status="PASS" signature="setup()[pri:0, instance:com.linktestapp.tests.HomePageTest@528931cf]" name="setup" is-config="true" duration-ms="27474" started-at="2021-06-21T19:35:28 IST" finished-at="2021-06-21T19:35:55 IST">
          <reporter-output>
          </reporter-output>
        </test-method> <!-- setup -->
        <test-method status="PASS" signature="testAllLinks()[pri:1, instance:com.linktestapp.tests.HomePageTest@528931cf]" name="testAllLinks" duration-ms="464887" started-at="2021-06-21T19:35:55 IST" finished-at="2021-06-21T19:43:40 IST">
          <reporter-output>
          </reporter-output>
        </test-method> <!-- testAllLinks -->
        <test-method status="PASS" signature="tearDown()[pri:0, instance:com.linktestapp.tests.HomePageTest@528931cf]" name="tearDown" is-config="true" duration-ms="1423" started-at="2021-06-21T19:43:40 IST" finished-at="2021-06-21T19:43:42 IST">
          <reporter-output>
          </reporter-output>
        </test-method> <!-- tearDown -->
      </class> <!-- com.linktestapp.tests.HomePageTest -->
    </test> <!-- Default test -->
  </suite> <!-- Default suite -->
</testng-results>
